<?xml version="1.0" encoding="UTF-8"?>
<!-- Generated by org.testng.reporters.JUnitXMLReporter -->
<testsuite hostname="DESKTOP-B7R9K2R" ignored="0" name="Test" tests="2" failures="0" timestamp="2021-12-01T16:56:46 IST" time="0.113" errors="0">
  <testcase name="@BeforeTest initialize" time="0.009" classname="assignment.wallethub.FacebookloginTest">
    <failure type="java.io.FileNotFoundException" message="C:\Users\Ganesh-Shriyan\eclipse-workspaceNew\wallethub\src\main\java\resources\data.properties (The system cannot find the path specified)">
      <![CDATA[java.io.FileNotFoundException: C:\Users\Ganesh-Shriyan\eclipse-workspaceNew\wallethub\src\main\java\resources\data.properties (The system cannot find the path specified)
at java.io.FileInputStream.open0(Native Method)
at java.io.FileInputStream.open(FileInputStream.java:195)
at java.io.FileInputStream.<init>(FileInputStream.java:138)
at java.io.FileInputStream.<init>(FileInputStream.java:93)
at resource.BaseTest.initializeDriver(BaseTest.java:19)
at assignment.wallethub.FacebookloginTest.initialize(FacebookloginTest.java:26)
... Removed 24 stack frames]]>
    </failure>
  </testcase> <!-- @BeforeTest initialize -->
  <testcase name="@BeforeTest initialize" time="-1.638358006238E9" classname="assignment.wallethub.WallethubReviewTest">
    <skipped/>
  </testcase> <!-- @BeforeTest initialize -->
  <testcase name="@AfterMethod teardown" time="-1.638358006288E9" classname="assignment.wallethub.FacebookloginTest">
    <skipped/>
  </testcase> <!-- @AfterMethod teardown -->
  <testcase name="@AfterMethod teardown" time="-1.638358006317E9" classname="assignment.wallethub.WallethubReviewTest">
    <skipped/>
  </testcase> <!-- @AfterMethod teardown -->
  <testcase name="basePagenavigation" time="0.0" classname="assignment.wallethub.FacebookloginTest">
    <skipped/>
  </testcase> <!-- basePagenavigation -->
  <testcase name="basePagenavigation" time="0.0" classname="assignment.wallethub.WallethubReviewTest">
    <skipped/>
  </testcase> <!-- basePagenavigation -->
</testsuite> <!-- Test -->
